<?xml version="1.0" encoding="UTF-8"?>
<!-- Generated by org.testng.reporters.JUnitXMLReporter -->
<testsuite hostname="TO-83W6HL2-D" ignored="8" name="Test1" tests="5" failures="0" timestamp="2020-01-08T11:22:44 IST" time="491.313" errors="0">
  <testcase name="supplierRegistrations" time="54.187" classname="com.techouts.fanniemae.supplier.SupplierReg"/>
  <testcase name="configureQuestionnaires" time="61.062" classname="com.techouts.fanniemae.supplier.ConfigureQuestionnaire"/>
  <testcase name="evalutions" time="216.014" classname="com.techouts.fanniemae.supplier.Evalutions"/>
  <testcase name="supplierDoc" time="133.616" classname="com.techouts.fanniemae.supplier.SupplierDocuments"/>
  <testcase name="unduplicateSupplier" time="25.805" classname="com.techouts.fanniemae.supplier.Unduplicate_Supplier"/>
  <testcase name="@AfterSuite afterSuite" time="0.0" classname="com.fanniemae.automation.test.AbstractTest">
    <ignored/>
  </testcase> <!-- @AfterSuite afterSuite -->
  <testcase name="@AfterSuite afterSuite" time="0.0" classname="com.fanniemae.automation.test.AbstractTest">
    <ignored/>
  </testcase> <!-- @AfterSuite afterSuite -->
  <testcase name="@AfterSuite afterSuite" time="0.0" classname="com.fanniemae.automation.test.AbstractTest">
    <ignored/>
  </testcase> <!-- @AfterSuite afterSuite -->
  <testcase name="@AfterSuite afterSuite" time="0.0" classname="com.fanniemae.automation.test.AbstractTest">
    <ignored/>
  </testcase> <!-- @AfterSuite afterSuite -->
  <testcase name="@BeforeSuite beforeSuite" time="0.0" classname="com.fanniemae.automation.test.AbstractTest">
    <ignored/>
  </testcase> <!-- @BeforeSuite beforeSuite -->
  <testcase name="@BeforeSuite beforeSuite" time="0.0" classname="com.fanniemae.automation.test.AbstractTest">
    <ignored/>
  </testcase> <!-- @BeforeSuite beforeSuite -->
  <testcase name="@BeforeSuite beforeSuite" time="0.0" classname="com.fanniemae.automation.test.AbstractTest">
    <ignored/>
  </testcase> <!-- @BeforeSuite beforeSuite -->
  <testcase name="@BeforeSuite beforeSuite" time="0.0" classname="com.fanniemae.automation.test.AbstractTest">
    <ignored/>
  </testcase> <!-- @BeforeSuite beforeSuite -->
</testsuite> <!-- Test1 -->
